<?xml version="1.0" encoding="UTF-8"?>
<!-- Generated by org.testng.reporters.JUnitReportReporter -->
<testsuite hostname="DESKTOP-7KMGIA9" failures="0" tests="1" name="inheritance.PS2" time="0.014" errors="0" timestamp="2025-01-17T13:13:41 CET" skipped="0">
  <testcase classname="inheritance.PS2" name="testRun" time="0.014"/>
  <system-out/>
</testsuite> <!-- inheritance.PS2 -->
